[debug] [2021-07-13T01:56:43.151Z] ----------------------------------------------------------------------
[debug] [2021-07-13T01:56:43.153Z] Command:       /Users/zacowan/.nvm/versions/node/v12.19.0/bin/node /Users/zacowan/.nvm/versions/node/v12.19.0/bin/firebase emulators:start
[debug] [2021-07-13T01:56:43.153Z] CLI Version:   9.16.0
[debug] [2021-07-13T01:56:43.153Z] Platform:      darwin
[debug] [2021-07-13T01:56:43.153Z] Node Version:  v12.19.0
[debug] [2021-07-13T01:56:43.154Z] Time:          Mon Jul 12 2021 21:56:43 GMT-0400 (Eastern Daylight Time)
[debug] [2021-07-13T01:56:43.154Z] ----------------------------------------------------------------------
[debug] 
[debug] [2021-07-13T01:56:43.197Z] > command requires scopes: ["email","openid","https://www.googleapis.com/auth/cloudplatformprojects.readonly","https://www.googleapis.com/auth/firebase","https://www.googleapis.com/auth/cloud-platform"]
[debug] [2021-07-13T01:56:43.198Z] > authorizing via signed-in user (zacowan.dev@gmail.com)
[info] i  emulators: Starting emulators: auth {"metadata":{"emulator":{"name":"hub"},"message":"Starting emulators: auth"}}
[debug] [2021-07-13T01:56:43.208Z] [hub] writing locator at /var/folders/3d/71b1kny10tjd94vrk6d3r1b40000gn/T/hub-cupid-rewards.json
[info] i  ui: downloading ui-v1.6.0.zip... {"metadata":{"emulator":{"name":"ui"},"message":"downloading ui-v1.6.0.zip..."}}
[debug] [2021-07-13T01:56:45.211Z] >>> [apiv2][query] GET https://storage.googleapis.com/firebase-preview-drop/emulator/ui-v1.6.0.zip 
[debug] [2021-07-13T01:56:45.330Z] <<< [apiv2][status] GET https://storage.googleapis.com/firebase-preview-drop/emulator/ui-v1.6.0.zip 200
[debug] [2021-07-13T01:56:45.330Z] <<< [apiv2][body] GET https://storage.googleapis.com/firebase-preview-drop/emulator/ui-v1.6.0.zip [stream]
[info] i  ui: Removing outdated emulator files: ui-v1.3.0 {"metadata":{"emulator":{"name":"ui"},"message":"Removing outdated emulator files: ui-v1.3.0"}}
[info] i  ui: Removing outdated emulator files: ui-v1.3.0.zip {"metadata":{"emulator":{"name":"ui"},"message":"Removing outdated emulator files: ui-v1.3.0.zip"}}
[debug] [2021-07-13T01:56:45.680Z] Ignoring unsupported arg: auto_download {"metadata":{"emulator":{"name":"ui"},"message":"Ignoring unsupported arg: auto_download"}}
[debug] [2021-07-13T01:56:45.680Z] Ignoring unsupported arg: port {"metadata":{"emulator":{"name":"ui"},"message":"Ignoring unsupported arg: port"}}
[debug] [2021-07-13T01:56:45.680Z] Starting Emulator UI with command {"binary":"node","args":["/Users/zacowan/.cache/firebase/emulators/ui-v1.6.0/server.bundle.js"],"optionalArgs":[],"joinArgs":false} {"metadata":{"emulator":{"name":"ui"},"message":"Starting Emulator UI with command {\"binary\":\"node\",\"args\":[\"/Users/zacowan/.cache/firebase/emulators/ui-v1.6.0/server.bundle.js\"],\"optionalArgs\":[],\"joinArgs\":false}"}}
[info] i  ui: Emulator UI logging to ui-debug.log {"metadata":{"emulator":{"name":"ui"},"message":"Emulator UI logging to \u001b[1mui-debug.log\u001b[22m"}}
[debug] [2021-07-13T01:56:45.758Z] Web / API server started at localhost:4000
 {"metadata":{"emulator":{"name":"ui"},"message":"Web / API server started at localhost:4000\n"}}
[info] 
┌─────────────────────────────────────────────────────────────┐
│ ✔  All emulators ready! It is now safe to connect your app. │
│ i  View Emulator UI at http://localhost:4000                │
└─────────────────────────────────────────────────────────────┘

┌────────────────┬────────────────┬────────────────────────────┐
│ Emulator       │ Host:Port      │ View in Emulator UI        │
├────────────────┼────────────────┼────────────────────────────┤
│ Authentication │ localhost:9099 │ http://localhost:4000/auth │
└────────────────┴────────────────┴────────────────────────────┘
  Emulator Hub running at localhost:4400
  Other reserved ports: 4500

Issues? Report them at https://github.com/firebase/firebase-tools/issues and attach the *-debug.log files.
 
